Arguments: 
  /usr/bin/node /usr/bin/yarn /usr/lib/node_modules/npm/bin/npm-cli.js install --scripts-prepend-node-path=auto

PATH: 
  /home/semtexzv/.local/bin:/home/semtexzv/.cargo/bin:/usr/local/sbin:/usr/local/bin:/usr/bin:/usr/lib/jvm/default/bin:/usr/bin/site_perl:/usr/bin/vendor_perl:/usr/bin/core_perl:/home/semtexzv/.cargo/bin:/home/semtexzv/android-sdk/tools/:/home/semtexzv/android-sdk/platform-tools/:/home/semtexzv/.gem/ruby/2.4.0/bin:/opt/cuda/bin:/opt/cuda/bin:/home/semtexzv/.yarn/bin

Yarn version: 
  1.5.1

Node version: 
  9.11.1

Platform: 
  linux x64

npm manifest: 
  {
    "name": "qwerty-admin",
    "version": "1.0.0",
    "description": "QWERTY systems administration",
    "scripts": {
      "start": "node server.js",
      "build": "NODE_ENV=production webpack -p --config=webpack.config.prod.js"
    },
    "license": "UNLICENSED",
    "repository": {
      "type": "git",
      "url": ""
    },
    "keywords": [
      "react",
      "reactjs"
    ],
    "author": "Vít Sikora",
    "bugs": {},
    "homepage": "",
    "moduleRoots": [
      "src",
      "styles"
    ],
    "devDependencies": {
      "autoprefixer": "^8.2.0",
      "babel-cli": "^6.26.0",
      "babel-core": "^6.26.0",
      "babel-eslint": "^7.0.0",
      "babel-loader": "^7.1.4",
      "babel-plugin-syntax-decorators": "^6.13.0",
      "babel-plugin-transform-class-properties": "^6.23.0",
      "babel-plugin-transform-decorators-legacy": "^1.3.4",
      "babel-plugin-transform-es2015-classes": "^6.23.0",
      "babel-plugin-transform-es2015-modules-commonjs": "^6.26.0",
      "babel-plugin-transform-object-assign": "https://registry.npmjs.org/babel-plugin-transform-object-assign/-/babel-plugin-transform-object-assign-6.22.0.tgz",
      "babel-plugin-transform-proto-to-assign": "^6.26.0",
      "babel-plugin-transform-runtime": "^6.23.0",
      "babel-polyfill": "^6.26.0",
      "babel-preset-es2015": "^6.16.0",
      "babel-preset-es2015-ie": "^6.6.2",
      "babel-preset-react": "^6.23.0",
      "babel-preset-stage-0": "^6.16.0",
      "babel-runtime": "^6.26.0",
      "classes": "^0.3.0",
      "css-loader": "^0.28.11",
      "cssnext-loader": "^1.0.1",
      "dedupe": "^2.0.3",
      "ejs-loader": "^0.3.1",
      "eslint": "^4.19.1",
      "eslint-plugin-react": "^7.7.0",
      "eslint-plugin-standard": "^3.0.1",
      "file-loader": "^1.1.11",
      "html-loader": "^0.5.5",
      "html-webpack-plugin": "^3.2.0",
      "js-stylesheet": "0.0.1",
      "less": "^3.0.1",
      "less-loader": "^4.1.0",
      "lodash-webpack-plugin": "^0.11.4",
      "mini-css-extract-plugin": "^0.4.0",
      "node-libs-browser": "^1.0.0",
      "postcss-import": "^11.1.0",
      "postcss-loader": "^2.1.3",
      "precss": "^3.1.2",
      "react-hot-loader": "^4.0.1",
      "style-loader": "^0.20.3",
      "url-loader": "^1.0.1",
      "webpack": "^4.5.0",
      "webpack-dev-server": "^3.1.3",
      "webpack-livereload-plugin": "^2.1.1",
      "webpack-node-externals": "^1.7.2",
      "webpack-strip-block": "^0.2.0"
    },
    "dependencies": {
      "@material-ui/icons": "^1.0.0-beta.42",
      "babel-plugin-lodash": "^3.3.2",
      "history": ">=4.7.0",
      "immutable": "^3.8.2",
      "isomorphic-fetch": "^2.2.1",
      "lodash": "^4.17.5",
      "lokijs": "^1.5.3",
      "material-ui": "^1.0.0-beta.41",
      "material-ui-pickers": "^1.0.0-rc.5",
      "moment": ">=2.21.0",
      "prop-types": "^15.6.1",
      "react": "^16.3.1",
      "react-custom-scrollbars": "^4.2.1",
      "react-dimensions": "^1.3.1",
      "react-dom": "^16.3.1",
      "react-dropzone": "^4.2.9",
      "react-mce": "^0.6.1",
      "react-redux": "^5.0.7",
      "react-router": "^4.2.0",
      "react-router-dom": "^4.2.2",
      "react-router-redux": "^5.0.0-alpha.9",
      "react-s-alert": "^1.4.1",
      "react-select": "^1.2.1",
      "react-sortable-hoc": "^0.6.8",
      "react-tap-event-plugin": "^3.0.2",
      "redux": "^3.7.2",
      "redux-api": "^0.11.2",
      "redux-auth-wrapper": "^2.0.2",
      "redux-immutable": "^4.0.0",
      "redux-thunk": "^2.1.0"
    }
  }

yarn manifest: 
  No manifest

Lockfile: 
  No lockfile

Trace: 
  Error: Command "/usr/lib/node_modules/npm/bin/npm-cli.js" not found.
      at new MessageError (/usr/lib/node_modules/yarn/lib/cli.js:186:110)
      at /usr/lib/node_modules/yarn/lib/cli.js:87307:17
      at Generator.next (<anonymous>)
      at step (/usr/lib/node_modules/yarn/lib/cli.js:98:30)
      at /usr/lib/node_modules/yarn/lib/cli.js:116:14
      at new Promise (<anonymous>)
      at new F (/usr/lib/node_modules/yarn/lib/cli.js:23451:28)
      at /usr/lib/node_modules/yarn/lib/cli.js:95:12
      at runCommand (/usr/lib/node_modules/yarn/lib/cli.js:87312:22)
      at Object.<anonymous> (/usr/lib/node_modules/yarn/lib/cli.js:87412:14)
